c:\users\tadgh admin\source\repos\xsltpp\xsltpp\x64\debug\iostream_0uqwqzitsb7uxuwj.ifc
c:\users\tadgh admin\source\repos\xsltpp\xsltpp\x64\debug\iostream_0uqwqzitsb7uxuwj.ifc.d.json
c:\users\tadgh admin\source\repos\xsltpp\xsltpp\x64\debug\iostream_0uqwqzitsb7uxuwj.obj
c:\users\tadgh admin\source\repos\xsltpp\xsltpp\x64\debug\cstdio_rwzpbv5f68qnxsee.ifc
c:\users\tadgh admin\source\repos\xsltpp\xsltpp\x64\debug\cstdio_rwzpbv5f68qnxsee.ifc.d.json
c:\users\tadgh admin\source\repos\xsltpp\xsltpp\x64\debug\cstdio_rwzpbv5f68qnxsee.obj
c:\users\tadgh admin\source\repos\xsltpp\xsltpp\x64\debug\string_8teyakqdt4epfr4w.ifc
c:\users\tadgh admin\source\repos\xsltpp\xsltpp\x64\debug\string_8teyakqdt4epfr4w.ifc.d.json
c:\users\tadgh admin\source\repos\xsltpp\xsltpp\x64\debug\string_8teyakqdt4epfr4w.obj
c:\users\tadgh admin\source\repos\xsltpp\xsltpp\x64\debug\format_lk36ujirt9vhkk30.ifc
c:\users\tadgh admin\source\repos\xsltpp\xsltpp\x64\debug\format_lk36ujirt9vhkk30.ifc.d.json
c:\users\tadgh admin\source\repos\xsltpp\xsltpp\x64\debug\format_lk36ujirt9vhkk30.obj
c:\users\tadgh admin\source\repos\xsltpp\xsltpp\x64\debug\string_view_tiosqqp3603j07zr.ifc
c:\users\tadgh admin\source\repos\xsltpp\xsltpp\x64\debug\string_view_tiosqqp3603j07zr.ifc.d.json
c:\users\tadgh admin\source\repos\xsltpp\xsltpp\x64\debug\string_view_tiosqqp3603j07zr.obj
c:\users\tadgh admin\source\repos\xsltpp\xsltpp\x64\debug\debug.cppm.ifc
c:\users\tadgh admin\source\repos\xsltpp\xsltpp\x64\debug\debug.cppm.ifc.d.json
c:\users\tadgh admin\source\repos\xsltpp\xsltpp\x64\debug\debug.cppm.obj
c:\users\tadgh admin\source\repos\xsltpp\xsltpp\x64\debug\vector_zjkn0oghgil1kbdq.ifc
c:\users\tadgh admin\source\repos\xsltpp\xsltpp\x64\debug\vector_zjkn0oghgil1kbdq.ifc.d.json
c:\users\tadgh admin\source\repos\xsltpp\xsltpp\x64\debug\vector_zjkn0oghgil1kbdq.obj
c:\users\tadgh admin\source\repos\xsltpp\xsltpp\x64\debug\lib.cppm.ifc
c:\users\tadgh admin\source\repos\xsltpp\xsltpp\x64\debug\lib.cppm.ifc.d.json
c:\users\tadgh admin\source\repos\xsltpp\xsltpp\x64\debug\lib.cppm.obj
c:\users\tadgh admin\source\repos\xsltpp\x64\debug\xsltpp.exe
c:\users\tadgh admin\source\repos\xsltpp\xsltpp\x64\debug\xsltpp.ilk
c:\users\tadgh admin\source\repos\xsltpp\x64\debug\xsltpp.pdb
c:\users\tadgh admin\source\repos\xslt++\xslt++\x64\debug\debug.cppm.module.json
c:\users\tadgh admin\source\repos\xslt++\xslt++\x64\debug\lib.cppm.module.json
c:\users\tadgh admin\source\repos\xsltpp\xsltpp\x64\debug\debug.cppm.module.json
c:\users\tadgh admin\source\repos\xsltpp\xsltpp\x64\debug\string_view_tiosqqp3603j07zr.module.json
c:\users\tadgh admin\source\repos\xsltpp\xsltpp\x64\debug\format_lk36ujirt9vhkk30.module.json
c:\users\tadgh admin\source\repos\xsltpp\xsltpp\x64\debug\cstdio_rwzpbv5f68qnxsee.module.json
c:\users\tadgh admin\source\repos\xsltpp\xsltpp\x64\debug\string_8teyakqdt4epfr4w.module.json
c:\users\tadgh admin\source\repos\xsltpp\xsltpp\x64\debug\iostream_0uqwqzitsb7uxuwj.module.json
c:\users\tadgh admin\source\repos\xsltpp\xsltpp\x64\debug\vector_zjkn0oghgil1kbdq.module.json
c:\users\tadgh admin\source\repos\xsltpp\xsltpp\x64\debug\lib.cppm.module.json
c:\users\tadgh admin\source\repos\xsltpp\xsltpp\x64\debug\fstream_8vxlpjkyhrjflmr4.obj
c:\users\tadgh admin\source\repos\xsltpp\xsltpp\x64\debug\xslt++.obj
c:\users\tadgh admin\source\repos\xsltpp\xsltpp\x64\debug\vc143.idb
c:\users\tadgh admin\source\repos\xsltpp\xsltpp\x64\debug\vc143.pdb
c:\users\tadgh admin\source\repos\xsltpp\xsltpp\x64\debug\xsltpp.tlog\cl.command.1.tlog
c:\users\tadgh admin\source\repos\xsltpp\xsltpp\x64\debug\xsltpp.tlog\cl.read.1.tlog
c:\users\tadgh admin\source\repos\xsltpp\xsltpp\x64\debug\xsltpp.tlog\cl.write.1.tlog
c:\users\tadgh admin\source\repos\xsltpp\xsltpp\x64\debug\xsltpp.tlog\link.command.1.tlog
c:\users\tadgh admin\source\repos\xsltpp\xsltpp\x64\debug\xsltpp.tlog\link.read.1.tlog
c:\users\tadgh admin\source\repos\xsltpp\xsltpp\x64\debug\xsltpp.tlog\link.write.1.tlog
c:\users\tadgh admin\source\repos\xsltpp\xsltpp\x64\debug\xsltpp_md.tlog\cl.command.1.tlog
c:\users\tadgh admin\source\repos\xsltpp\xsltpp\x64\debug\xsltpp_md.tlog\microsoft.build.cpptasks.cl.read.1.tlog
c:\users\tadgh admin\source\repos\xsltpp\xsltpp\x64\debug\xsltpp_md.tlog\microsoft.build.cpptasks.cl.write.1.tlog
